<?xml version="1.0" encoding="UTF-8"?>
<testng-results ignored="0" total="0" passed="0" failed="0" skipped="0">
  <reporter-output>
  </reporter-output>
  <suite started-at="2022-11-21T22:39:12 GMT" name="Surefire suite" finished-at="2022-11-21T22:41:04 GMT" duration-ms="112078">
    <groups>
    </groups>
    <test started-at="2022-11-21T22:39:12 GMT" name="Surefire test" finished-at="2022-11-21T22:41:04 GMT" duration-ms="112078">
    </test> <!-- Surefire test -->
  </suite> <!-- Surefire suite -->
</testng-results>
